19:01:44.503 [main]INFO  com.qa.Webshop.Test.TestAutomation - Starting Browser....
19:02:14.549 [main]INFO  com.qa.Webshop.Test.TestAutomation - =====================regstrationPage=================================
19:02:18.214 [main]INFO  com.qa.Webshop.Test.TestAutomation - Asserting Registration page URL....
19:02:18.220 [main]INFO  com.qa.Webshop.Test.TestAutomation - Url matches with Url provided....
19:02:18.221 [main]INFO  com.qa.Webshop.Test.TestAutomation - Asserting Page Tittle....
19:02:18.232 [main]INFO  com.qa.Webshop.Test.TestAutomation - Registration Page Tittle Assetion  Successful....
19:02:18.233 [main]INFO  com.qa.Webshop.Test.TestAutomation - Asserting Page Tittle....
19:02:18.244 [main]INFO  com.qa.Webshop.Test.TestAutomation - Registration Message Assertion Succesful....
19:02:21.020 [main]INFO  com.qa.Webshop.Test.TestAutomation - Asserting Book buying page URL....
19:02:21.020 [main]INFO  com.qa.Webshop.Test.TestAutomation - Book page Url Assertion Successful....
19:02:21.020 [main]INFO  com.qa.Webshop.Test.TestAutomation - Asseting Book buying page Tittle
19:02:21.028 [main]INFO  com.qa.Webshop.Test.TestAutomation - BookPage Tittle is Successfully Asserted....
19:02:25.915 [main]INFO  com.qa.Webshop.Test.TestAutomation - Asserting Computer discription Attributes....
19:02:25.915 [main]INFO  com.qa.Webshop.Test.TestAutomation - Computer Computer discription is Succesfully Asserted....
19:02:25.915 [main]INFO  com.qa.Webshop.Test.TestAutomation - Asserting Computer image Attributes....
19:02:25.915 [main]INFO  com.qa.Webshop.Test.TestAutomation - Computer Computer image is Shuccesfully Asserted....
19:02:25.916 [main]INFO  com.qa.Webshop.Test.TestAutomation - Asserting Computer page URL ....
19:02:25.916 [main]INFO  com.qa.Webshop.Test.TestAutomation - Computer Url is Successfully Asserted....
19:02:25.916 [main]INFO  com.qa.Webshop.Test.TestAutomation - Asserting Computer page Tittle....
19:02:25.922 [main]INFO  com.qa.Webshop.Test.TestAutomation - Computer Page Tittle is Succesfully Asserted....
19:02:30.661 [main]INFO  com.qa.Webshop.Test.TestAutomation - Asserting Email Friends button....
19:02:30.681 [main]INFO  com.qa.Webshop.Test.TestAutomation - Email Friend button is present on page is visibe....
19:02:30.681 [main]INFO  com.qa.Webshop.Test.TestAutomation - Asserting Compare product button....
19:02:30.694 [main]INFO  com.qa.Webshop.Test.TestAutomation - Compare Product button is Asserted successfully....
19:02:30.699 [main]INFO  com.qa.Webshop.Test.TestAutomation - Asserting Electronic page url....
19:02:30.700 [main]INFO  com.qa.Webshop.Test.TestAutomation - electronic page Url to actual URL Asserted succesfully....
19:02:30.700 [main]INFO  com.qa.Webshop.Test.TestAutomation - Asserting page Tittle....
19:02:30.766 [main]INFO  com.qa.Webshop.Test.TestAutomation - Actual tittle to expected tittle is asserted successfully....
19:02:37.443 [main]INFO  com.qa.Webshop.Test.TestAutomation - Asserting Jwelery product name....
19:02:39.457 [main]INFO  com.qa.Webshop.Test.TestAutomation - Jwelery product Name matches Assertion is completed succesfully....
19:02:39.457 [main]INFO  com.qa.Webshop.Test.TestAutomation - Asserting jwelery page Tittle....
19:02:39.465 [main]INFO  com.qa.Webshop.Test.TestAutomation - Jwelery product Tittle matches is completed Successfully....
19:02:39.466 [main]INFO  com.qa.Webshop.Test.TestAutomation - Asserting jwelery page url....
19:02:39.466 [main]INFO  com.qa.Webshop.Test.TestAutomation - Jwelery Url matches actual URL Successfully....
19:05:43.851 [main]INFO  com.qa.Webshop.Test.TestAutomation - Starting Browser....
19:13:12.115 [main]INFO  com.qa.Webshop.Test.TestAutomation - Starting Browser....
19:13:34.589 [main]INFO  com.qa.Webshop.Test.TestAutomation - =====================regstrationPage=================================
19:13:38.968 [main]INFO  com.qa.Webshop.Test.TestAutomation - Asserting Registration page URL....
19:13:38.975 [main]INFO  com.qa.Webshop.Test.TestAutomation - Url matches with Url provided....
19:13:38.976 [main]INFO  com.qa.Webshop.Test.TestAutomation - Asserting Page Tittle....
19:13:38.987 [main]INFO  com.qa.Webshop.Test.TestAutomation - Registration Page Tittle Assetion  Successful....
19:13:38.988 [main]INFO  com.qa.Webshop.Test.TestAutomation - Asserting Page Tittle....
19:13:38.998 [main]INFO  com.qa.Webshop.Test.TestAutomation - Registration Message Assertion Succesful....
19:13:43.105 [main]INFO  com.qa.Webshop.Test.TestAutomation - Asserting Book buying page URL....
19:13:43.105 [main]INFO  com.qa.Webshop.Test.TestAutomation - Book page Url Assertion Successful....
19:13:43.105 [main]INFO  com.qa.Webshop.Test.TestAutomation - Asseting Book buying page Tittle
19:13:43.110 [main]INFO  com.qa.Webshop.Test.TestAutomation - BookPage Tittle is Successfully Asserted....
19:13:48.335 [main]INFO  com.qa.Webshop.Test.TestAutomation - Asserting Computer discription Attributes....
19:13:48.336 [main]INFO  com.qa.Webshop.Test.TestAutomation - Computer Computer discription is Succesfully Asserted....
19:13:48.336 [main]INFO  com.qa.Webshop.Test.TestAutomation - Asserting Computer image Attributes....
19:13:48.336 [main]INFO  com.qa.Webshop.Test.TestAutomation - Computer Computer image is Shuccesfully Asserted....
19:13:48.336 [main]INFO  com.qa.Webshop.Test.TestAutomation - Asserting Computer page URL ....
19:13:48.336 [main]INFO  com.qa.Webshop.Test.TestAutomation - Computer Url is Successfully Asserted....
19:13:48.338 [main]INFO  com.qa.Webshop.Test.TestAutomation - Asserting Computer page Tittle....
19:13:48.345 [main]INFO  com.qa.Webshop.Test.TestAutomation - Computer Page Tittle is Succesfully Asserted....
19:13:52.007 [main]INFO  com.qa.Webshop.Test.TestAutomation - Asserting Email Friends button....
19:13:52.021 [main]INFO  com.qa.Webshop.Test.TestAutomation - Email Friend button is present on page is visibe....
19:13:52.021 [main]INFO  com.qa.Webshop.Test.TestAutomation - Asserting Compare product button....
19:13:52.033 [main]INFO  com.qa.Webshop.Test.TestAutomation - Compare Product button is Asserted successfully....
19:13:52.033 [main]INFO  com.qa.Webshop.Test.TestAutomation - Asserting Electronic page url....
19:13:52.034 [main]INFO  com.qa.Webshop.Test.TestAutomation - electronic page Url to actual URL Asserted succesfully....
19:13:52.034 [main]INFO  com.qa.Webshop.Test.TestAutomation - Asserting page Tittle....
19:13:52.039 [main]INFO  com.qa.Webshop.Test.TestAutomation - Actual tittle to expected tittle is asserted successfully....
19:13:58.868 [main]INFO  com.qa.Webshop.Test.TestAutomation - Asserting Jwelery product name....
19:14:00.881 [main]INFO  com.qa.Webshop.Test.TestAutomation - Jwelery product Name matches Assertion is completed succesfully....
19:14:00.882 [main]INFO  com.qa.Webshop.Test.TestAutomation - Asserting jwelery page Tittle....
19:14:00.888 [main]INFO  com.qa.Webshop.Test.TestAutomation - Jwelery product Tittle matches is completed Successfully....
19:14:00.888 [main]INFO  com.qa.Webshop.Test.TestAutomation - Asserting jwelery page url....
19:14:00.888 [main]INFO  com.qa.Webshop.Test.TestAutomation - Jwelery Url matches actual URL Successfully....
21:15:14.690 [main]INFO  com.qa.Webshop.Test.TestAutomation - Starting Browser....
21:15:33.769 [main]INFO  com.qa.Webshop.Test.TestAutomation - =====================regstrationPage=================================
21:15:36.136 [main]INFO  com.qa.Webshop.Test.TestAutomation - Asserting Registration page URL....
21:15:36.139 [main]INFO  com.qa.Webshop.Test.TestAutomation - Url matches with Url provided....
21:15:36.139 [main]INFO  com.qa.Webshop.Test.TestAutomation - Asserting Page Tittle....
21:15:36.143 [main]INFO  com.qa.Webshop.Test.TestAutomation - Registration Page Tittle Assetion  Successful....
21:15:36.143 [main]INFO  com.qa.Webshop.Test.TestAutomation - Asserting Page Tittle....
21:15:36.156 [main]INFO  com.qa.Webshop.Test.TestAutomation - Registration Message Assertion Succesful....
21:20:59.962 [main]INFO  com.qa.Webshop.Test.TestAutomation - Starting Browser....
21:21:19.219 [main]INFO  com.qa.Webshop.Test.TestAutomation - =====================regstrationPage=================================
21:21:21.452 [main]INFO  com.qa.Webshop.Test.TestAutomation - Asserting Registration page URL....
21:21:21.455 [main]INFO  com.qa.Webshop.Test.TestAutomation - Url matches with Url provided....
21:21:21.455 [main]INFO  com.qa.Webshop.Test.TestAutomation - Asserting Page Tittle....
21:21:21.460 [main]INFO  com.qa.Webshop.Test.TestAutomation - Registration Page Tittle Assetion  Successful....
21:21:21.461 [main]INFO  com.qa.Webshop.Test.TestAutomation - Asserting Page Tittle....
21:21:21.480 [main]INFO  com.qa.Webshop.Test.TestAutomation - Registration Message Assertion Succesful....
21:22:41.656 [main]INFO  com.qa.Webshop.Test.TestAutomation - Starting Browser....
21:23:01.355 [main]INFO  com.qa.Webshop.Test.TestAutomation - =====================regstrationPage=================================
21:23:03.423 [main]INFO  com.qa.Webshop.Test.TestAutomation - Asserting Registration page URL....
21:23:03.426 [main]INFO  com.qa.Webshop.Test.TestAutomation - Url matches with Url provided....
21:23:03.427 [main]INFO  com.qa.Webshop.Test.TestAutomation - Asserting Page Tittle....
21:23:03.430 [main]INFO  com.qa.Webshop.Test.TestAutomation - Registration Page Tittle Assetion  Successful....
21:23:03.430 [main]INFO  com.qa.Webshop.Test.TestAutomation - Asserting Page Tittle....
21:23:03.445 [main]INFO  com.qa.Webshop.Test.TestAutomation - Registration Message Assertion Succesful....
21:27:27.368 [main]INFO  com.qa.Webshop.Test.TestAutomation - Starting Browser....
21:27:45.634 [main]INFO  com.qa.Webshop.Test.TestAutomation - =====================regstrationPage=================================
21:27:47.715 [main]INFO  com.qa.Webshop.Test.TestAutomation - Asserting Registration page URL....
21:27:47.718 [main]INFO  com.qa.Webshop.Test.TestAutomation - Url matches with Url provided....
21:27:47.718 [main]INFO  com.qa.Webshop.Test.TestAutomation - Asserting Page Tittle....
21:27:47.731 [main]INFO  com.qa.Webshop.Test.TestAutomation - Registration Page Tittle Assetion  Successful....
21:27:47.731 [main]INFO  com.qa.Webshop.Test.TestAutomation - Asserting Page Tittle....
21:27:47.738 [main]INFO  com.qa.Webshop.Test.TestAutomation - Registration Message Assertion Succesful....
21:31:50.557 [main]INFO  com.qa.Webshop.Test.TestAutomation - Starting Browser....
21:32:08.033 [main]INFO  com.qa.Webshop.Test.TestAutomation - =====================regstrationPage=================================
21:32:10.085 [main]INFO  com.qa.Webshop.Test.TestAutomation - Asserting Registration page URL....
21:32:10.091 [main]INFO  com.qa.Webshop.Test.TestAutomation - Url matches with Url provided....
21:32:10.091 [main]INFO  com.qa.Webshop.Test.TestAutomation - Asserting Page Tittle....
21:32:10.100 [main]INFO  com.qa.Webshop.Test.TestAutomation - Registration Page Tittle Assetion  Successful....
21:32:10.101 [main]INFO  com.qa.Webshop.Test.TestAutomation - Asserting Page Tittle....
21:32:10.112 [main]INFO  com.qa.Webshop.Test.TestAutomation - Registration Message Assertion Succesful....
21:35:06.211 [main]INFO  com.qa.Webshop.Test.TestAutomation - Starting Browser....
21:35:23.390 [main]INFO  com.qa.Webshop.Test.TestAutomation - =====================regstrationPage=================================
21:35:25.671 [main]INFO  com.qa.Webshop.Test.TestAutomation - Asserting Registration page URL....
21:35:25.676 [main]INFO  com.qa.Webshop.Test.TestAutomation - Url matches with Url provided....
21:35:25.677 [main]INFO  com.qa.Webshop.Test.TestAutomation - Asserting Page Tittle....
21:35:25.682 [main]INFO  com.qa.Webshop.Test.TestAutomation - Registration Page Tittle Assetion  Successful....
21:35:25.682 [main]INFO  com.qa.Webshop.Test.TestAutomation - Asserting Page Tittle....
21:35:25.700 [main]INFO  com.qa.Webshop.Test.TestAutomation - Registration Message Assertion Succesful....
21:35:27.878 [main]INFO  com.qa.Webshop.Test.TestAutomation - Asserting Book buying page URL....
21:35:27.879 [main]INFO  com.qa.Webshop.Test.TestAutomation - Book page Url Assertion Successful....
21:35:27.879 [main]INFO  com.qa.Webshop.Test.TestAutomation - Asseting Book buying page Tittle
21:35:27.882 [main]INFO  com.qa.Webshop.Test.TestAutomation - BookPage Tittle is Successfully Asserted....
21:35:32.234 [main]INFO  com.qa.Webshop.Test.TestAutomation - Asserting Computer discription Attributes....
21:35:32.234 [main]INFO  com.qa.Webshop.Test.TestAutomation - Computer Computer discription is Succesfully Asserted....
21:35:32.234 [main]INFO  com.qa.Webshop.Test.TestAutomation - Asserting Computer image Attributes....
21:35:32.235 [main]INFO  com.qa.Webshop.Test.TestAutomation - Computer Computer image is Shuccesfully Asserted....
21:35:32.235 [main]INFO  com.qa.Webshop.Test.TestAutomation - Asserting Computer page URL ....
21:35:32.235 [main]INFO  com.qa.Webshop.Test.TestAutomation - Computer Url is Successfully Asserted....
21:35:32.235 [main]INFO  com.qa.Webshop.Test.TestAutomation - Asserting Computer page Tittle....
21:35:32.239 [main]INFO  com.qa.Webshop.Test.TestAutomation - Computer Page Tittle is Succesfully Asserted....
21:35:38.116 [main]INFO  com.qa.Webshop.Test.TestAutomation - Asserting Email Friends button....
21:35:38.129 [main]INFO  com.qa.Webshop.Test.TestAutomation - Email Friend button is present on page is visibe....
21:35:38.129 [main]INFO  com.qa.Webshop.Test.TestAutomation - Asserting Compare product button....
21:35:38.138 [main]INFO  com.qa.Webshop.Test.TestAutomation - Compare Product button is Asserted successfully....
21:35:38.138 [main]INFO  com.qa.Webshop.Test.TestAutomation - Asserting Electronic page url....
21:35:38.138 [main]INFO  com.qa.Webshop.Test.TestAutomation - electronic page Url to actual URL Asserted succesfully....
21:35:38.138 [main]INFO  com.qa.Webshop.Test.TestAutomation - Asserting page Tittle....
21:35:38.144 [main]INFO  com.qa.Webshop.Test.TestAutomation - Actual tittle to expected tittle is asserted successfully....
21:35:43.666 [main]INFO  com.qa.Webshop.Test.TestAutomation - Asserting Jwelery product name....
21:35:45.681 [main]INFO  com.qa.Webshop.Test.TestAutomation - Jwelery product Name matches Assertion is completed succesfully....
21:35:45.681 [main]INFO  com.qa.Webshop.Test.TestAutomation - Asserting jwelery page Tittle....
21:35:45.685 [main]INFO  com.qa.Webshop.Test.TestAutomation - Jwelery product Tittle matches is completed Successfully....
21:35:45.685 [main]INFO  com.qa.Webshop.Test.TestAutomation - Asserting jwelery page url....
21:35:45.685 [main]INFO  com.qa.Webshop.Test.TestAutomation - Jwelery Url matches actual URL Successfully....
00:01:50.257 [main]INFO  com.qa.Webshop.Test.TestAutomation - Starting Browser....
